2018-11-12 14:17:22,163 INFO o.a.j.u.JMeterUtils: Setting Locale to en_EN
2018-11-12 14:17:22,288 INFO o.a.j.JMeter: Loading user properties from: user.properties
2018-11-12 14:17:22,288 INFO o.a.j.JMeter: Loading system properties from: system.properties
2018-11-12 14:17:22,288 INFO o.a.j.JMeter: Copyright (c) 1998-2018 The Apache Software Foundation
2018-11-12 14:17:22,288 INFO o.a.j.JMeter: Version 5.0 r1840935
2018-11-12 14:17:22,288 INFO o.a.j.JMeter: java.version=1.8.0_191
2018-11-12 14:17:22,288 INFO o.a.j.JMeter: java.vm.name=Java HotSpot(TM) 64-Bit Server VM
2018-11-12 14:17:22,288 INFO o.a.j.JMeter: os.name=Windows 10
2018-11-12 14:17:22,288 INFO o.a.j.JMeter: os.arch=amd64
2018-11-12 14:17:22,288 INFO o.a.j.JMeter: os.version=10.0
2018-11-12 14:17:22,288 INFO o.a.j.JMeter: file.encoding=Cp1252
2018-11-12 14:17:22,288 INFO o.a.j.JMeter: Max memory     =1073741824
2018-11-12 14:17:22,288 INFO o.a.j.JMeter: Available Processors =8
2018-11-12 14:17:22,304 INFO o.a.j.JMeter: Default Locale=English (EN)
2018-11-12 14:17:22,304 INFO o.a.j.JMeter: JMeter  Locale=English (EN)
2018-11-12 14:17:22,304 INFO o.a.j.JMeter: JMeterHome=C:\apache-jmeter\apache-jmeter-5.0\apache-jmeter-5.0
2018-11-12 14:17:22,304 INFO o.a.j.JMeter: user.dir  =C:\apache-jmeter\apache-jmeter-5.0\apache-jmeter-5.0\bin
2018-11-12 14:17:22,304 INFO o.a.j.JMeter: PWD       =C:\apache-jmeter\apache-jmeter-5.0\apache-jmeter-5.0\bin
2018-11-12 14:17:22,397 INFO o.a.j.JMeter: IP: 192.168.101.26 Name: DESKTOP-009 FullName: DESKTOP-009.axon-id.loc
2018-11-12 14:17:23,663 INFO o.a.j.g.a.LookAndFeelCommand: Installing Darcula LAF
2018-11-12 14:17:23,682 INFO o.a.j.g.a.LookAndFeelCommand: Using look and feel: com.sun.java.swing.plaf.windows.WindowsLookAndFeel [Darcula]
2018-11-12 14:17:23,683 INFO o.a.j.JMeter: Setting LAF to: com.sun.java.swing.plaf.windows.WindowsLookAndFeel
2018-11-12 14:17:23,724 INFO o.a.j.JMeter: Loaded icon properties from org/apache/jmeter/images/icon.properties
2018-11-12 14:17:24,982 INFO o.a.j.e.u.CompoundVariable: Note: Function class names must contain the string: '.functions.'
2018-11-12 14:17:24,982 INFO o.a.j.e.u.CompoundVariable: Note: Function class names must not contain the string: '.gui.'
2018-11-12 14:17:26,249 WARN o.j.r.PluginManager: Found JAR conflict: C:\apache-jmeter\apache-jmeter-5.0\apache-jmeter-5.0\lib\ext\byte-buddy-1.8.15.jar and C:\apache-jmeter\apache-jmeter-5.0\apache-jmeter-5.0\lib\byte-buddy-1.8.15.jar
2018-11-12 14:17:26,249 WARN o.j.r.PluginManager: Found JAR conflict: C:\apache-jmeter\apache-jmeter-5.0\apache-jmeter-5.0\lib\ext\commons-exec-1.3.jar and C:\apache-jmeter\apache-jmeter-5.0\apache-jmeter-5.0\lib\commons-exec-1.3.jar
2018-11-12 14:17:26,249 WARN o.j.r.PluginManager: Found JAR conflict: C:\apache-jmeter\apache-jmeter-5.0\apache-jmeter-5.0\lib\ext\guava-25.0-jre.jar and C:\apache-jmeter\apache-jmeter-5.0\apache-jmeter-5.0\lib\guava-25.0-jre.jar
2018-11-12 14:17:26,249 WARN o.j.r.PluginManager: Found JAR conflict: C:\apache-jmeter\apache-jmeter-5.0\apache-jmeter-5.0\lib\ext\htmlunit-2.32.jar and C:\apache-jmeter\apache-jmeter-5.0\apache-jmeter-5.0\lib\htmlunit-2.32.jar
2018-11-12 14:17:26,249 WARN o.j.r.PluginManager: Found JAR conflict: C:\apache-jmeter\apache-jmeter-5.0\apache-jmeter-5.0\lib\ext\htmlunit-core-js-2.32.jar and C:\apache-jmeter\apache-jmeter-5.0\apache-jmeter-5.0\lib\htmlunit-core-js-2.32.jar
2018-11-12 14:17:26,249 WARN o.j.r.PluginManager: Found JAR conflict: C:\apache-jmeter\apache-jmeter-5.0\apache-jmeter-5.0\lib\ext\htmlunit-cssparser-1.2.0.jar and C:\apache-jmeter\apache-jmeter-5.0\apache-jmeter-5.0\lib\htmlunit-cssparser-1.2.0.jar
2018-11-12 14:17:26,249 WARN o.j.r.PluginManager: Found JAR conflict: C:\apache-jmeter\apache-jmeter-5.0\apache-jmeter-5.0\lib\ext\htmlunit-driver-2.33.0.jar and C:\apache-jmeter\apache-jmeter-5.0\apache-jmeter-5.0\lib\htmlunit-driver-2.33.0.jar
2018-11-12 14:17:26,249 WARN o.j.r.PluginManager: Found JAR conflict: C:\apache-jmeter\apache-jmeter-5.0\apache-jmeter-5.0\lib\ext\jmeter-plugins-cmn-jmeter-0.4.jar and C:\apache-jmeter\apache-jmeter-5.0\apache-jmeter-5.0\lib\jmeter-plugins-cmn-jmeter-0.4.jar
2018-11-12 14:17:26,249 WARN o.j.r.PluginManager: Found JAR conflict: C:\apache-jmeter\apache-jmeter-5.0\apache-jmeter-5.0\lib\ext\jsyntaxpane-1.0.0.jar and C:\apache-jmeter\apache-jmeter-5.0\apache-jmeter-5.0\lib\jsyntaxpane-1.0.0.jar
2018-11-12 14:17:26,249 WARN o.j.r.PluginManager: Found JAR conflict: C:\apache-jmeter\apache-jmeter-5.0\apache-jmeter-5.0\lib\ext\neko-htmlunit-2.32.jar and C:\apache-jmeter\apache-jmeter-5.0\apache-jmeter-5.0\lib\neko-htmlunit-2.32.jar
2018-11-12 14:17:26,249 WARN o.j.r.PluginManager: Found JAR conflict: C:\apache-jmeter\apache-jmeter-5.0\apache-jmeter-5.0\lib\ext\okhttp-3.10.0.jar and C:\apache-jmeter\apache-jmeter-5.0\apache-jmeter-5.0\lib\okhttp-3.10.0.jar
2018-11-12 14:17:26,249 WARN o.j.r.PluginManager: Found JAR conflict: C:\apache-jmeter\apache-jmeter-5.0\apache-jmeter-5.0\lib\ext\okio-1.14.1.jar and C:\apache-jmeter\apache-jmeter-5.0\apache-jmeter-5.0\lib\okio-1.14.1.jar
2018-11-12 14:17:26,249 WARN o.j.r.PluginManager: Found JAR conflict: C:\apache-jmeter\apache-jmeter-5.0\apache-jmeter-5.0\lib\ext\phantomjsdriver-1.4.4.jar and C:\apache-jmeter\apache-jmeter-5.0\apache-jmeter-5.0\lib\phantomjsdriver-1.4.4.jar
2018-11-12 14:17:26,249 WARN o.j.r.PluginManager: Found JAR conflict: C:\apache-jmeter\apache-jmeter-5.0\apache-jmeter-5.0\lib\ext\selenium-api-3.14.0.jar and C:\apache-jmeter\apache-jmeter-5.0\apache-jmeter-5.0\lib\selenium-api-3.14.0.jar
2018-11-12 14:17:26,249 WARN o.j.r.PluginManager: Found JAR conflict: C:\apache-jmeter\apache-jmeter-5.0\apache-jmeter-5.0\lib\ext\selenium-chrome-driver-3.14.0.jar and C:\apache-jmeter\apache-jmeter-5.0\apache-jmeter-5.0\lib\selenium-chrome-driver-3.14.0.jar
2018-11-12 14:17:26,249 WARN o.j.r.PluginManager: Found JAR conflict: C:\apache-jmeter\apache-jmeter-5.0\apache-jmeter-5.0\lib\ext\selenium-firefox-driver-3.14.0.jar and C:\apache-jmeter\apache-jmeter-5.0\apache-jmeter-5.0\lib\selenium-firefox-driver-3.14.0.jar
2018-11-12 14:17:26,249 WARN o.j.r.PluginManager: Found JAR conflict: C:\apache-jmeter\apache-jmeter-5.0\apache-jmeter-5.0\lib\ext\selenium-ie-driver-3.14.0.jar and C:\apache-jmeter\apache-jmeter-5.0\apache-jmeter-5.0\lib\selenium-ie-driver-3.14.0.jar
2018-11-12 14:17:26,249 WARN o.j.r.PluginManager: Found JAR conflict: C:\apache-jmeter\apache-jmeter-5.0\apache-jmeter-5.0\lib\ext\selenium-java-3.14.0.jar and C:\apache-jmeter\apache-jmeter-5.0\apache-jmeter-5.0\lib\selenium-java-3.14.0.jar
2018-11-12 14:17:26,249 WARN o.j.r.PluginManager: Found JAR conflict: C:\apache-jmeter\apache-jmeter-5.0\apache-jmeter-5.0\lib\ext\selenium-remote-driver-3.14.0.jar and C:\apache-jmeter\apache-jmeter-5.0\apache-jmeter-5.0\lib\selenium-remote-driver-3.14.0.jar
2018-11-12 14:17:26,249 WARN o.j.r.PluginManager: Found JAR conflict: C:\apache-jmeter\apache-jmeter-5.0\apache-jmeter-5.0\lib\ext\selenium-support-3.14.0.jar and C:\apache-jmeter\apache-jmeter-5.0\apache-jmeter-5.0\lib\selenium-support-3.14.0.jar
2018-11-12 14:17:26,452 INFO o.j.r.JARSourceHTTP: Found cached repo
2018-11-12 14:17:26,608 INFO o.j.r.PluginManager: Plugins Status: [jpgc-graphs-basic=2.0, jpgc-graphs-additional=2.0, jpgc-sense=3.5, jpgc-dummy=0.2, jpgc-ffw=2.0, jpgc-perfmon=2.1, jpgc-plugins-manager=1.3, jpgc-webdriver=3.0, jmeter-core=5.0, jmeter-ftp=5.0, jmeter-http=5.0, jmeter-jdbc=5.0, jmeter-jms=5.0, jmeter-junit=5.0, jmeter-java=5.0, jmeter-ldap=5.0, jmeter-mail=5.0, jmeter-mongodb=5.0, jmeter-native=5.0, jmeter-tcp=5.0, jmeter-components=5.0]
2018-11-12 14:17:28,108 INFO o.a.j.p.h.s.HTTPSamplerBase: Parser for text/html is org.apache.jmeter.protocol.http.parser.LagartoBasedHtmlParser
2018-11-12 14:17:28,108 INFO o.a.j.p.h.s.HTTPSamplerBase: Parser for application/xhtml+xml is org.apache.jmeter.protocol.http.parser.LagartoBasedHtmlParser
2018-11-12 14:17:28,108 INFO o.a.j.p.h.s.HTTPSamplerBase: Parser for application/xml is org.apache.jmeter.protocol.http.parser.LagartoBasedHtmlParser
2018-11-12 14:17:28,108 INFO o.a.j.p.h.s.HTTPSamplerBase: Parser for text/xml is org.apache.jmeter.protocol.http.parser.LagartoBasedHtmlParser
2018-11-12 14:17:28,108 INFO o.a.j.p.h.s.HTTPSamplerBase: Parser for text/vnd.wap.wml is org.apache.jmeter.protocol.http.parser.RegexpHTMLParser
2018-11-12 14:17:28,108 INFO o.a.j.p.h.s.HTTPSamplerBase: Parser for text/css is org.apache.jmeter.protocol.http.parser.CssParser
2018-11-12 14:17:28,272 INFO o.a.j.e.KeyToolUtils: Exception checking for keytool existence, will return false, try another way.
2018-11-12 14:17:30,433 INFO o.a.j.e.KeyToolUtils: keytool found at 'C:\Program Files\Java\jre1.8.0_191\bin\keytool'
2018-11-12 14:17:30,433 INFO o.a.j.p.h.p.ProxyControl: HTTP(S) Test Script Recorder SSL Proxy will use keys that support embedded 3rd party resources in file C:\apache-jmeter\apache-jmeter-5.0\apache-jmeter-5.0\bin\proxyserver.jks
2018-11-12 14:17:30,693 INFO o.a.j.s.FileServer: Default base='C:\apache-jmeter\apache-jmeter-5.0\apache-jmeter-5.0\bin'
2018-11-12 14:17:32,928 INFO o.a.j.s.SampleResult: Note: Sample TimeStamps are START times
2018-11-12 14:17:32,928 INFO o.a.j.s.SampleResult: sampleresult.default.encoding is set to ISO-8859-1
2018-11-12 14:17:32,928 INFO o.a.j.s.SampleResult: sampleresult.useNanoTime=true
2018-11-12 14:17:32,928 INFO o.a.j.s.SampleResult: sampleresult.nanoThreadSleep=5000
2018-11-12 14:27:53,500 INFO o.a.j.g.a.Load: Loading file: C:\apache-jmeter\apache-jmeter-5.0\apache-jmeter-5.0\bin\workspace\kd-telus-sc02.jmx
2018-11-12 14:27:53,500 INFO o.a.j.s.FileServer: Set new base='C:\apache-jmeter\apache-jmeter-5.0\apache-jmeter-5.0\bin\workspace'
2018-11-12 14:27:53,672 INFO o.a.j.s.SaveService: Testplan (JMX) version: 2.2. Testlog (JTL) version: 2.2
2018-11-12 14:27:53,672 INFO o.a.j.s.SaveService: Using SaveService properties file encoding UTF-8
2018-11-12 14:27:53,672 INFO o.a.j.s.SaveService: Using SaveService properties version 5.0
2018-11-12 14:27:53,688 INFO o.a.j.s.SaveService: Loading file: C:\apache-jmeter\apache-jmeter-5.0\apache-jmeter-5.0\bin\workspace\kd-telus-sc02.jmx
2018-11-12 14:27:53,886 INFO o.a.j.p.h.c.CookieManager: Settings: Delete null: true Check: true Allow variable: true Save: false Prefix: COOKIE_
2018-11-12 14:27:53,886 INFO o.a.j.p.h.c.CacheManager: Will only cache the following methods: [GET]
2018-11-12 14:27:54,435 INFO o.a.j.s.FileServer: Set new base='C:\apache-jmeter\apache-jmeter-5.0\apache-jmeter-5.0\bin\workspace'
2018-11-12 14:47:22,318 INFO o.a.j.g.a.Load: Loading file: C:\apache-jmeter\apache-jmeter-5.0\apache-jmeter-5.0\bin\workspace\kd-Registered-Payment.jmx
2018-11-12 14:47:22,318 INFO o.a.j.s.FileServer: Set new base='C:\apache-jmeter\apache-jmeter-5.0\apache-jmeter-5.0\bin\workspace'
2018-11-12 14:47:22,318 INFO o.a.j.s.SaveService: Loading file: C:\apache-jmeter\apache-jmeter-5.0\apache-jmeter-5.0\bin\workspace\kd-Registered-Payment.jmx
2018-11-12 14:47:22,599 INFO o.a.j.s.FileServer: Set new base='C:\apache-jmeter\apache-jmeter-5.0\apache-jmeter-5.0\bin\workspace'
2018-11-12 14:49:02,594 INFO o.a.j.g.a.Load: Loading file: C:\apache-jmeter\apache-jmeter-5.0\apache-jmeter-5.0\bin\workspace\kd-telus-sc02.jmx
2018-11-12 14:49:02,594 INFO o.a.j.s.FileServer: Set new base='C:\apache-jmeter\apache-jmeter-5.0\apache-jmeter-5.0\bin\workspace'
2018-11-12 14:49:02,594 INFO o.a.j.s.SaveService: Loading file: C:\apache-jmeter\apache-jmeter-5.0\apache-jmeter-5.0\bin\workspace\kd-telus-sc02.jmx
2018-11-12 14:49:02,771 INFO o.a.j.s.FileServer: Set new base='C:\apache-jmeter\apache-jmeter-5.0\apache-jmeter-5.0\bin\workspace'
2018-11-12 14:55:08,228 INFO o.a.j.g.a.Load: Loading file: C:\apache-jmeter\apache-jmeter-5.0\apache-jmeter-5.0\bin\workspace\kd-Registered-Payment.jmx
2018-11-12 14:55:08,228 INFO o.a.j.s.FileServer: Set new base='C:\apache-jmeter\apache-jmeter-5.0\apache-jmeter-5.0\bin\workspace'
2018-11-12 14:55:08,228 INFO o.a.j.s.SaveService: Loading file: C:\apache-jmeter\apache-jmeter-5.0\apache-jmeter-5.0\bin\workspace\kd-Registered-Payment.jmx
2018-11-12 14:55:08,316 INFO o.a.j.s.FileServer: Set new base='C:\apache-jmeter\apache-jmeter-5.0\apache-jmeter-5.0\bin\workspace'
2018-11-12 15:01:01,502 INFO o.a.j.e.StandardJMeterEngine: Running the test!
2018-11-12 15:01:01,503 INFO o.a.j.s.SampleEvent: List of sample_variables: []
2018-11-12 15:01:01,503 INFO o.a.j.s.SampleEvent: List of sample_variables: []
2018-11-12 15:01:01,516 INFO o.a.j.g.u.JMeterMenuBar: setRunning(true, *local*)
2018-11-12 15:01:01,698 INFO o.a.j.e.StandardJMeterEngine: Starting ThreadGroup: 1 : Thread Group
2018-11-12 15:01:01,698 INFO o.a.j.e.StandardJMeterEngine: Starting 1 threads for group Thread Group.
2018-11-12 15:01:01,699 INFO o.a.j.e.StandardJMeterEngine: Thread will continue on error
2018-11-12 15:01:01,699 INFO o.a.j.t.ThreadGroup: Starting thread group... number=1 threads=1 ramp-up=1 perThread=1000.0 delayedStart=false
2018-11-12 15:01:01,704 INFO o.a.j.t.ThreadGroup: Started thread group number 1
2018-11-12 15:01:01,704 INFO o.a.j.e.StandardJMeterEngine: All thread groups have been started
2018-11-12 15:01:01,710 INFO o.a.j.t.JMeterThread: Thread started: Thread Group 1-1
2018-11-12 15:01:01,720 INFO o.a.j.p.h.s.HTTPHCAbstractImpl: Local host = DESKTOP-009
2018-11-12 15:01:01,725 INFO o.a.j.p.h.s.HTTPHC4Impl: HTTP request retry count = 0
2018-11-12 15:01:01,760 INFO o.a.j.p.h.s.h.LazyLayeredConnectionSocketFactory: Setting up HTTPS TrustAll Socket Factory
2018-11-12 15:01:01,761 INFO o.a.j.u.JsseSSLManager: Using default SSL protocol: TLS
2018-11-12 15:01:01,762 INFO o.a.j.u.JsseSSLManager: SSL session context: per-thread
2018-11-12 15:01:01,774 INFO o.a.j.u.SSLManager: JmeterKeyStore Location:  type JKS
2018-11-12 15:01:01,775 INFO o.a.j.u.SSLManager: KeyStore created OK
2018-11-12 15:01:01,775 WARN o.a.j.u.SSLManager: Keystore file not found, loading empty keystore
2018-11-12 15:01:02,807 INFO o.a.j.p.h.p.BaseParser: Created org.apache.jmeter.protocol.http.parser.LagartoBasedHtmlParser
2018-11-12 15:01:02,860 INFO o.a.j.p.h.s.ResourcesDownloader: Creating ResourcesDownloader with keepalive_inseconds : 60
2018-11-12 15:01:02,927 INFO o.a.j.p.h.p.BaseParser: Created org.apache.jmeter.protocol.http.parser.CssParser
2018-11-12 15:01:03,379 WARN c.h.c.r.e.LoggingCSSParseErrorHandler: Found illegal character: ! (0x0021)
2018-11-12 15:01:03,380 WARN c.h.c.r.e.LoggingCSSParseErrorHandler: Browser compliant mode skipped CSS from [78:7] starting at token 'important' until [80:1] to token '}' (based on com.helger.css.parser.ParseException: Encountered unexpected token: "!" <UNKNOWN>
    at line 78, column 16.

Was expecting one of:

    "."
    ":"
    ":not("
    "["
    <COMMA>
    <HASH>
    <LBRACE>
    <S>
)
2018-11-12 15:01:21,461 WARN c.h.c.r.e.LoggingCSSParseErrorHandler: Found illegal character: ! (0x0021)
2018-11-12 15:01:21,463 WARN c.h.c.r.e.LoggingCSSParseErrorHandler: Browser compliant mode skipped CSS from [80:7] starting at token 'important' until [82:1] to token '}' (based on com.helger.css.parser.ParseException: Encountered unexpected token: "!" <UNKNOWN>
    at line 80, column 16.

Was expecting one of:

    "."
    ":"
    ":not("
    "["
    <COMMA>
    <HASH>
    <LBRACE>
    <S>
)
2018-11-12 15:01:21,466 WARN c.h.c.r.e.LoggingCSSParseErrorHandler: Browser compliant mode skipped CSS from [164:39] starting at token '
' until [165:1] to token '}' (based on com.helger.css.parser.ParseException: Encountered unexpected token: "}" "}"
    at line 165, column 1.

Was expecting one of:

    ":"
    <S>
)
2018-11-12 15:02:28,343 INFO o.a.j.t.JMeterThread: Thread is done: Thread Group 1-1
2018-11-12 15:02:28,343 INFO o.a.j.t.JMeterThread: Thread finished: Thread Group 1-1
2018-11-12 15:02:28,345 INFO o.a.j.e.StandardJMeterEngine: Notifying test listeners of end of test
2018-11-12 15:02:28,345 INFO o.a.j.g.u.JMeterMenuBar: setRunning(false, *local*)
2018-11-12 15:36:20,371 INFO o.a.j.e.StandardJMeterEngine: Running the test!
2018-11-12 15:36:20,371 INFO o.a.j.s.SampleEvent: List of sample_variables: []
2018-11-12 15:36:20,371 INFO o.a.j.g.u.JMeterMenuBar: setRunning(true, *local*)
2018-11-12 15:36:20,595 INFO o.a.j.e.StandardJMeterEngine: Starting ThreadGroup: 1 : Thread Group
2018-11-12 15:36:20,596 INFO o.a.j.e.StandardJMeterEngine: Starting 1 threads for group Thread Group.
2018-11-12 15:36:20,596 INFO o.a.j.e.StandardJMeterEngine: Thread will continue on error
2018-11-12 15:36:20,596 INFO o.a.j.t.ThreadGroup: Starting thread group... number=1 threads=1 ramp-up=1 perThread=1000.0 delayedStart=false
2018-11-12 15:36:20,597 INFO o.a.j.t.ThreadGroup: Started thread group number 1
2018-11-12 15:36:20,598 INFO o.a.j.e.StandardJMeterEngine: All thread groups have been started
2018-11-12 15:36:20,598 INFO o.a.j.t.JMeterThread: Thread started: Thread Group 1-1
2018-11-12 15:37:43,988 INFO o.a.j.t.JMeterThread: Thread is done: Thread Group 1-1
2018-11-12 15:37:43,988 INFO o.a.j.t.JMeterThread: Thread finished: Thread Group 1-1
2018-11-12 15:37:43,988 INFO o.a.j.e.StandardJMeterEngine: Notifying test listeners of end of test
2018-11-12 15:37:43,988 INFO o.a.j.g.u.JMeterMenuBar: setRunning(false, *local*)
2018-11-12 15:55:42,588 INFO o.a.j.g.a.Load: Loading file: C:\apache-jmeter\apache-jmeter-5.0\apache-jmeter-5.0\bin\workspace\kd-Registered-Payment-2.jmx
2018-11-12 15:55:42,588 INFO o.a.j.s.FileServer: Set new base='C:\apache-jmeter\apache-jmeter-5.0\apache-jmeter-5.0\bin\workspace'
2018-11-12 15:55:42,588 INFO o.a.j.s.SaveService: Loading file: C:\apache-jmeter\apache-jmeter-5.0\apache-jmeter-5.0\bin\workspace\kd-Registered-Payment-2.jmx
2018-11-12 15:55:42,897 INFO o.a.j.s.FileServer: Set new base='C:\apache-jmeter\apache-jmeter-5.0\apache-jmeter-5.0\bin\workspace'
2018-11-12 16:00:14,084 INFO o.a.j.e.StandardJMeterEngine: Running the test!
2018-11-12 16:00:14,084 INFO o.a.j.s.SampleEvent: List of sample_variables: []
2018-11-12 16:00:14,084 INFO o.a.j.g.u.JMeterMenuBar: setRunning(true, *local*)
2018-11-12 16:00:14,302 INFO o.a.j.e.StandardJMeterEngine: Starting ThreadGroup: 1 : Thread Group
2018-11-12 16:00:14,302 INFO o.a.j.e.StandardJMeterEngine: Starting 1 threads for group Thread Group.
2018-11-12 16:00:14,302 INFO o.a.j.e.StandardJMeterEngine: Thread will continue on error
2018-11-12 16:00:14,302 INFO o.a.j.t.ThreadGroup: Starting thread group... number=1 threads=1 ramp-up=1 perThread=1000.0 delayedStart=false
2018-11-12 16:00:14,302 INFO o.a.j.t.ThreadGroup: Started thread group number 1
2018-11-12 16:00:14,302 INFO o.a.j.e.StandardJMeterEngine: All thread groups have been started
2018-11-12 16:00:14,302 INFO o.a.j.t.JMeterThread: Thread started: Thread Group 1-1
2018-11-12 16:02:04,980 INFO o.a.j.t.JMeterThread: Thread is done: Thread Group 1-1
2018-11-12 16:02:04,980 INFO o.a.j.t.JMeterThread: Thread finished: Thread Group 1-1
2018-11-12 16:02:04,980 INFO o.a.j.e.StandardJMeterEngine: Notifying test listeners of end of test
2018-11-12 16:02:04,980 INFO o.a.j.g.u.JMeterMenuBar: setRunning(false, *local*)
